<?xml version="1.0" encoding="UTF-8"?>
<testng-results ignored="0" total="0" passed="0" failed="0" skipped="0">
  <reporter-output>
  </reporter-output>
  <suite started-at="2022-07-18T09:57:34 IST" name="Default suite" finished-at="2022-07-18T09:57:42 IST" duration-ms="8027">
    <groups>
    </groups>
    <test started-at="2022-07-18T09:57:34 IST" name="Default test" finished-at="2022-07-18T09:57:42 IST" duration-ms="8027">
      <class name="Test_case.Subscribe">
        <test-method is-config="true" signature="click()[pri:0, instance:Test_case.Subscribe@306f16f3]" started-at="2022-07-18T09:57:34 IST" name="click" finished-at="2022-07-18T09:57:36 IST" duration-ms="2749" status="PASS">
          <reporter-output>
          </reporter-output>
        </test-method> <!-- click -->
        <test-method is-config="true" signature="end()[pri:0, instance:Test_case.Subscribe@306f16f3]" started-at="2022-07-18T09:57:37 IST" name="end" finished-at="2022-07-18T09:57:42 IST" duration-ms="5246" status="PASS">
          <reporter-output>
          </reporter-output>
        </test-method> <!-- end -->
      </class> <!-- Test_case.Subscribe -->
    </test> <!-- Default test -->
  </suite> <!-- Default suite -->
</testng-results>
