<?xml version="1.0" encoding="UTF-8"?>
<!-- Generated by org.testng.reporters.JUnitXMLReporter -->
<testsuite ignored="1" hostname="LAPTOP-VDVLNJ72" failures="0" tests="2" name="Test" time="0.079" errors="0" timestamp="2022-07-13T16:01:22 IST">
  <testcase classname="Test_case.Dependency2" name="DemoRegister" time="0.012"/>
  <testcase classname="Test_case.Dependency2" name="Demologin" time="0.002"/>
  <testcase classname="Test_case.Dependency2" name="DemoSearch" time="0.0">
    <ignored/>
  </testcase> <!-- DemoSearch -->
</testsuite> <!-- Test -->
